<?xml version="1.0" encoding="UTF-8"?>
<coverage generated="1686006305889" clover="3.2.0">
  <project timestamp="1686006305889" name="All files">
    <metrics statements="79" coveredstatements="72" conditionals="35" coveredconditionals="27" methods="11" coveredmethods="10" elements="125" coveredelements="109" complexity="0" loc="79" ncloc="79" packages="2" files="6" classes="6"/>
    <package name="src">
      <metrics statements="62" coveredstatements="56" conditionals="27" coveredconditionals="19" methods="5" coveredmethods="4"/>
      <file name="flex.ts" path="/Users/hampus/made/flex/src/flex.ts">
        <metrics statements="62" coveredstatements="56" conditionals="27" coveredconditionals="19" methods="5" coveredmethods="4"/>
        <line num="1" count="7" type="stmt"/>
        <line num="2" count="7" type="stmt"/>
        <line num="3" count="7" type="stmt"/>
        <line num="4" count="7" type="stmt"/>
        <line num="5" count="7" type="stmt"/>
        <line num="6" count="7" type="stmt"/>
        <line num="9" count="7" type="stmt"/>
        <line num="10" count="7" type="stmt"/>
        <line num="11" count="7" type="stmt"/>
        <line num="12" count="7" type="stmt"/>
        <line num="13" count="7" type="stmt"/>
        <line num="14" count="7" type="stmt"/>
        <line num="33" count="7" type="stmt"/>
        <line num="38" count="15" type="stmt"/>
        <line num="42" count="15" type="stmt"/>
        <line num="48" count="7" type="stmt"/>
        <line num="53" count="0" type="stmt"/>
        <line num="66" count="15" type="stmt"/>
        <line num="67" count="15" type="stmt"/>
        <line num="69" count="15" type="stmt"/>
        <line num="70" count="418" type="stmt"/>
        <line num="72" count="418" type="cond" truecount="5" falsecount="0"/>
        <line num="74" count="26" type="stmt"/>
        <line num="77" count="26" type="stmt"/>
        <line num="78" count="26" type="stmt"/>
        <line num="79" count="26" type="stmt"/>
        <line num="82" count="4" type="stmt"/>
        <line num="85" count="4" type="stmt"/>
        <line num="86" count="4" type="stmt"/>
        <line num="91" count="26" type="stmt"/>
        <line num="94" count="26" type="stmt"/>
        <line num="97" count="26" type="stmt"/>
        <line num="98" count="26" type="stmt"/>
        <line num="100" count="26" type="stmt"/>
        <line num="107" count="26" type="stmt"/>
        <line num="109" count="62" type="stmt"/>
        <line num="111" count="36" type="cond" truecount="1" falsecount="0"/>
        <line num="112" count="4" type="stmt"/>
        <line num="114" count="32" type="cond" truecount="0" falsecount="1"/>
        <line num="116" count="0" type="stmt"/>
        <line num="118" count="32" type="cond" truecount="1" falsecount="0"/>
        <line num="120" count="23" type="stmt"/>
        <line num="122" count="9" type="stmt"/>
        <line num="125" count="26" type="cond" truecount="0" falsecount="1"/>
        <line num="129" count="0" type="stmt"/>
        <line num="130" count="0" type="stmt"/>
        <line num="133" count="26" type="stmt"/>
        <line num="134" count="26" type="cond" truecount="1" falsecount="1"/>
        <line num="135" count="26" type="stmt"/>
        <line num="136" count="26" type="stmt"/>
        <line num="138" count="0" type="stmt"/>
        <line num="140" count="26" type="stmt"/>
        <line num="143" count="21" type="stmt"/>
        <line num="146" count="21" type="stmt"/>
        <line num="147" count="21" type="stmt"/>
        <line num="150" count="341" type="cond" truecount="1" falsecount="1"/>
        <line num="151" count="341" type="stmt"/>
        <line num="155" count="15" type="cond" truecount="2" falsecount="0"/>
        <line num="157" count="15" type="cond" truecount="0" falsecount="1"/>
        <line num="158" count="0" type="stmt"/>
        <line num="161" count="15" type="stmt"/>
        <line num="164" count="7" type="stmt"/>
      </file>
    </package>
    <package name="src.functions">
      <metrics statements="17" coveredstatements="16" conditionals="8" coveredconditionals="8" methods="6" coveredmethods="6"/>
      <file name="concat.ts" path="/Users/hampus/made/flex/src/functions/concat.ts">
        <metrics statements="9" coveredstatements="9" conditionals="5" coveredconditionals="5" methods="2" coveredmethods="2"/>
        <line num="3" count="7" type="stmt"/>
        <line num="7" count="20" type="stmt"/>
        <line num="8" count="20" type="stmt"/>
        <line num="9" count="30" type="cond" truecount="2" falsecount="0"/>
        <line num="10" count="17" type="stmt"/>
        <line num="12" count="13" type="stmt"/>
        <line num="14" count="30" type="cond" truecount="1" falsecount="0"/>
        <line num="16" count="12" type="cond" truecount="2" falsecount="0"/>
        <line num="19" count="20" type="stmt"/>
      </file>
      <file name="fallback.ts" path="/Users/hampus/made/flex/src/functions/fallback.ts">
        <metrics statements="5" coveredstatements="4" conditionals="3" coveredconditionals="3" methods="1" coveredmethods="1"/>
        <line num="3" count="7" type="stmt"/>
        <line num="4" count="4" type="stmt"/>
        <line num="5" count="7" type="cond" truecount="3" falsecount="0"/>
        <line num="6" count="4" type="stmt"/>
        <line num="9" count="0" type="stmt"/>
      </file>
      <file name="join.ts" path="/Users/hampus/made/flex/src/functions/join.ts">
        <metrics statements="1" coveredstatements="1" conditionals="0" coveredconditionals="0" methods="1" coveredmethods="1"/>
        <line num="3" count="7" type="stmt"/>
      </file>
      <file name="nothing.ts" path="/Users/hampus/made/flex/src/functions/nothing.ts">
        <metrics statements="1" coveredstatements="1" conditionals="0" coveredconditionals="0" methods="1" coveredmethods="1"/>
        <line num="3" count="7" type="stmt"/>
      </file>
      <file name="space.ts" path="/Users/hampus/made/flex/src/functions/space.ts">
        <metrics statements="1" coveredstatements="1" conditionals="0" coveredconditionals="0" methods="1" coveredmethods="1"/>
        <line num="3" count="8" type="stmt"/>
      </file>
    </package>
  </project>
</coverage>
