{"/Users/hampus/made/flex/src/flex.ts": {"path":"/Users/hampus/made/flex/src/flex.ts","statementMap":{"0":{"start":{"line":1,"column":0},"end":{"line":1,"column":31}},"1":{"start":{"line":2,"column":0},"end":{"line":2,"column":48}},"2":{"start":{"line":3,"column":0},"end":{"line":3,"column":44}},"3":{"start":{"line":4,"column":0},"end":{"line":4,"column":40}},"4":{"start":{"line":5,"column":0},"end":{"line":5,"column":42}},"5":{"start":{"line":6,"column":0},"end":{"line":6,"column":46}},"6":{"start":{"line":9,"column":23},"end":{"line":9,"column":26}},"7":{"start":{"line":10,"column":21},"end":{"line":10,"column":24}},"8":{"start":{"line":11,"column":24},"end":{"line":11,"column":27}},"9":{"start":{"line":12,"column":19},"end":{"line":12,"column":22}},"10":{"start":{"line":13,"column":20},"end":{"line":13,"column":23}},"11":{"start":{"line":14,"column":24},"end":{"line":14,"column":27}},"12":{"start":{"line":33,"column":35},"end":{"line":43,"column":1}},"13":{"start":{"line":38,"column":17},"end":{"line":40,"column":null}},"14":{"start":{"line":42,"column":2},"end":{"line":42,"column":45}},"15":{"start":{"line":33,"column":13},"end":{"line":33,"column":35}},"16":{"start":{"line":48,"column":39},"end":{"line":54,"column":1}},"17":{"start":{"line":53,"column":2},"end":{"line":53,"column":47}},"18":{"start":{"line":48,"column":13},"end":{"line":48,"column":39}},"19":{"start":{"line":66,"column":28},"end":{"line":66,"column":32}},"20":{"start":{"line":67,"column":21},"end":{"line":67,"column":23}},"21":{"start":{"line":69,"column":2},"end":{"line":153,"column":null}},"22":{"start":{"line":69,"column":15},"end":{"line":69,"column":16}},"23":{"start":{"line":70,"column":17},"end":{"line":70,"column":28}},"24":{"start":{"line":72,"column":4},"end":{"line":152,"column":null}},"25":{"start":{"line":74,"column":8},"end":{"line":76,"column":10}},"26":{"start":{"line":77,"column":8},"end":{"line":77,"column":26}},"27":{"start":{"line":78,"column":8},"end":{"line":78,"column":28}},"28":{"start":{"line":79,"column":8},"end":{"line":79,"column":14}},"29":{"start":{"line":82,"column":8},"end":{"line":84,"column":10}},"30":{"start":{"line":85,"column":8},"end":{"line":85,"column":26}},"31":{"start":{"line":86,"column":8},"end":{"line":86,"column":14}},"32":{"start":{"line":91,"column":8},"end":{"line":93,"column":10}},"33":{"start":{"line":94,"column":8},"end":{"line":94,"column":26}},"34":{"start":{"line":97,"column":21},"end":{"line":97,"column":37}},"35":{"start":{"line":98,"column":29},"end":{"line":98,"column":68}},"36":{"start":{"line":100,"column":29},"end":{"line":100,"column":65}},"37":{"start":{"line":107,"column":27},"end":{"line":123,"column":12}},"38":{"start":{"line":109,"column":35},"end":{"line":109,"column":52}},"39":{"start":{"line":111,"column":12},"end":{"line":113,"column":null}},"40":{"start":{"line":112,"column":14},"end":{"line":112,"column":25}},"41":{"start":{"line":114,"column":12},"end":{"line":117,"column":null}},"42":{"start":{"line":116,"column":14},"end":{"line":116,"column":54}},"43":{"start":{"line":118,"column":12},"end":{"line":121,"column":null}},"44":{"start":{"line":120,"column":14},"end":{"line":120,"column":41}},"45":{"start":{"line":122,"column":12},"end":{"line":122,"column":23}},"46":{"start":{"line":125,"column":8},"end":{"line":131,"column":null}},"47":{"start":{"line":129,"column":10},"end":{"line":129,"column":63}},"48":{"start":{"line":130,"column":10},"end":{"line":130,"column":16}},"49":{"start":{"line":133,"column":19},"end":{"line":133,"column":44}},"50":{"start":{"line":134,"column":8},"end":{"line":139,"column":null}},"51":{"start":{"line":135,"column":25},"end":{"line":135,"column":42}},"52":{"start":{"line":136,"column":10},"end":{"line":136,"column":57}},"53":{"start":{"line":138,"column":10},"end":{"line":138,"column":63}},"54":{"start":{"line":140,"column":8},"end":{"line":140,"column":14}},"55":{"start":{"line":143,"column":8},"end":{"line":145,"column":10}},"56":{"start":{"line":146,"column":8},"end":{"line":146,"column":26}},"57":{"start":{"line":147,"column":8},"end":{"line":147,"column":14}},"58":{"start":{"line":150,"column":8},"end":{"line":150,"column":60}},"59":{"start":{"line":151,"column":8},"end":{"line":151,"column":14}},"60":{"start":{"line":155,"column":2},"end":{"line":155,"column":75}},"61":{"start":{"line":157,"column":2},"end":{"line":159,"column":null}},"62":{"start":{"line":158,"column":4},"end":{"line":158,"column":53}},"63":{"start":{"line":161,"column":2},"end":{"line":161,"column":26}},"64":{"start":{"line":164,"column":39},"end":{"line":170,"column":2}}},"fnMap":{"0":{"name":"(anonymous_0)","decl":{"start":{"line":33,"column":35},"end":{"line":33,"column":null}},"loc":{"start":{"line":37,"column":4},"end":{"line":43,"column":1}}},"1":{"name":"(anonymous_1)","decl":{"start":{"line":48,"column":39},"end":{"line":48,"column":null}},"loc":{"start":{"line":52,"column":4},"end":{"line":54,"column":1}}},"2":{"name":"evaluate","decl":{"start":{"line":61,"column":9},"end":{"line":61,"column":17}},"loc":{"start":{"line":64,"column":27},"end":{"line":162,"column":1}}},"3":{"name":"(anonymous_3)","decl":{"start":{"line":109,"column":18},"end":{"line":109,"column":19}},"loc":{"start":{"line":109,"column":35},"end":{"line":109,"column":52}}},"4":{"name":"(anonymous_4)","decl":{"start":{"line":110,"column":15},"end":{"line":110,"column":16}},"loc":{"start":{"line":110,"column":31},"end":{"line":123,"column":11}}}},"branchMap":{"0":{"loc":{"start":{"line":51,"column":2},"end":{"line":51,"column":32}},"type":"default-arg","locations":[{"start":{"line":51,"column":30},"end":{"line":51,"column":32}}]},"1":{"loc":{"start":{"line":72,"column":4},"end":{"line":152,"column":null}},"type":"switch","locations":[{"start":{"line":73,"column":6},"end":{"line":79,"column":14}},{"start":{"line":81,"column":6},"end":{"line":86,"column":14}},{"start":{"line":88,"column":6},"end":{"line":140,"column":14}},{"start":{"line":142,"column":6},"end":{"line":147,"column":14}},{"start":{"line":149,"column":6},"end":{"line":151,"column":14}}]},"2":{"loc":{"start":{"line":75,"column":10},"end":{"line":75,"column":42}},"type":"binary-expr","locations":[{"start":{"line":75,"column":10},"end":{"line":75,"column":29}},{"start":{"line":75,"column":33},"end":{"line":75,"column":42}}]},"3":{"loc":{"start":{"line":83,"column":10},"end":{"line":83,"column":42}},"type":"binary-expr","locations":[{"start":{"line":83,"column":10},"end":{"line":83,"column":29}},{"start":{"line":83,"column":33},"end":{"line":83,"column":42}}]},"4":{"loc":{"start":{"line":92,"column":10},"end":{"line":92,"column":42}},"type":"binary-expr","locations":[{"start":{"line":92,"column":10},"end":{"line":92,"column":29}},{"start":{"line":92,"column":33},"end":{"line":92,"column":42}}]},"5":{"loc":{"start":{"line":111,"column":12},"end":{"line":113,"column":null}},"type":"if","locations":[{"start":{"line":111,"column":12},"end":{"line":113,"column":null}}]},"6":{"loc":{"start":{"line":114,"column":12},"end":{"line":117,"column":null}},"type":"if","locations":[{"start":{"line":114,"column":12},"end":{"line":117,"column":null}}]},"7":{"loc":{"start":{"line":118,"column":12},"end":{"line":121,"column":null}},"type":"if","locations":[{"start":{"line":118,"column":12},"end":{"line":121,"column":null}}]},"8":{"loc":{"start":{"line":125,"column":8},"end":{"line":131,"column":null}},"type":"if","locations":[{"start":{"line":125,"column":8},"end":{"line":131,"column":null}}]},"9":{"loc":{"start":{"line":126,"column":10},"end":{"line":127,"column":46}},"type":"binary-expr","locations":[{"start":{"line":126,"column":10},"end":{"line":126,"column":36}},{"start":{"line":127,"column":10},"end":{"line":127,"column":46}}]},"10":{"loc":{"start":{"line":134,"column":8},"end":{"line":139,"column":null}},"type":"if","locations":[{"start":{"line":134,"column":8},"end":{"line":139,"column":null}},{"start":{"line":137,"column":15},"end":{"line":139,"column":null}}]},"11":{"loc":{"start":{"line":144,"column":10},"end":{"line":144,"column":42}},"type":"binary-expr","locations":[{"start":{"line":144,"column":10},"end":{"line":144,"column":29}},{"start":{"line":144,"column":33},"end":{"line":144,"column":42}}]},"12":{"loc":{"start":{"line":150,"column":24},"end":{"line":150,"column":59}},"type":"cond-expr","locations":[{"start":{"line":150,"column":31},"end":{"line":150,"column":52}},{"start":{"line":150,"column":55},"end":{"line":150,"column":59}}]},"13":{"loc":{"start":{"line":155,"column":41},"end":{"line":155,"column":73}},"type":"binary-expr","locations":[{"start":{"line":155,"column":41},"end":{"line":155,"column":60}},{"start":{"line":155,"column":64},"end":{"line":155,"column":73}}]},"14":{"loc":{"start":{"line":157,"column":2},"end":{"line":159,"column":null}},"type":"if","locations":[{"start":{"line":157,"column":2},"end":{"line":159,"column":null}}]}},"s":{"0":7,"1":7,"2":7,"3":7,"4":7,"5":7,"6":7,"7":7,"8":7,"9":7,"10":7,"11":7,"12":7,"13":15,"14":15,"15":7,"16":7,"17":0,"18":7,"19":15,"20":15,"21":15,"22":15,"23":418,"24":418,"25":26,"26":26,"27":26,"28":26,"29":4,"30":4,"31":4,"32":26,"33":26,"34":26,"35":26,"36":26,"37":26,"38":62,"39":36,"40":4,"41":32,"42":0,"43":32,"44":23,"45":9,"46":26,"47":0,"48":0,"49":26,"50":26,"51":26,"52":26,"53":0,"54":26,"55":21,"56":21,"57":21,"58":341,"59":341,"60":15,"61":15,"62":0,"63":15,"64":7},"f":{"0":15,"1":0,"2":15,"3":62,"4":36},"b":{"0":[0],"1":[26,4,26,21,341],"2":[26,0],"3":[4,2],"4":[26,14],"5":[4],"6":[0],"7":[23],"8":[0],"9":[26,0],"10":[26,0],"11":[21,10],"12":[341,0],"13":[15,15],"14":[0]}}
,"/Users/hampus/made/flex/src/functions/concat.ts": {"path":"/Users/hampus/made/flex/src/functions/concat.ts","statementMap":{"0":{"start":{"line":3,"column":22},"end":{"line":20,"column":1}},"1":{"start":{"line":7,"column":15},"end":{"line":7,"column":17}},"2":{"start":{"line":8,"column":2},"end":{"line":18,"column":5}},"3":{"start":{"line":9,"column":4},"end":{"line":13,"column":null}},"4":{"start":{"line":10,"column":6},"end":{"line":10,"column":20}},"5":{"start":{"line":12,"column":6},"end":{"line":12,"column":42}},"6":{"start":{"line":14,"column":4},"end":{"line":17,"column":null}},"7":{"start":{"line":16,"column":6},"end":{"line":16,"column":32}},"8":{"start":{"line":19,"column":2},"end":{"line":19,"column":23}},"9":{"start":{"line":3,"column":13},"end":{"line":3,"column":22}}},"fnMap":{"0":{"name":"(anonymous_0)","decl":{"start":{"line":3,"column":22},"end":{"line":3,"column":null}},"loc":{"start":{"line":6,"column":12},"end":{"line":20,"column":1}}},"1":{"name":"(anonymous_1)","decl":{"start":{"line":8,"column":15},"end":{"line":8,"column":16}},"loc":{"start":{"line":8,"column":30},"end":{"line":18,"column":3}}}},"branchMap":{"0":{"loc":{"start":{"line":9,"column":4},"end":{"line":13,"column":null}},"type":"if","locations":[{"start":{"line":9,"column":4},"end":{"line":13,"column":null}},{"start":{"line":11,"column":11},"end":{"line":13,"column":null}}]},"1":{"loc":{"start":{"line":14,"column":4},"end":{"line":17,"column":null}},"type":"if","locations":[{"start":{"line":14,"column":4},"end":{"line":17,"column":null}}]},"2":{"loc":{"start":{"line":16,"column":16},"end":{"line":16,"column":31}},"type":"binary-expr","locations":[{"start":{"line":16,"column":16},"end":{"line":16,"column":25}},{"start":{"line":16,"column":29},"end":{"line":16,"column":31}}]}},"s":{"0":7,"1":20,"2":20,"3":30,"4":17,"5":13,"6":30,"7":12,"8":20,"9":7},"f":{"0":20,"1":30},"b":{"0":[17,13],"1":[12],"2":[12,1]}}
,"/Users/hampus/made/flex/src/functions/fallback.ts": {"path":"/Users/hampus/made/flex/src/functions/fallback.ts","statementMap":{"0":{"start":{"line":3,"column":24},"end":{"line":10,"column":1}},"1":{"start":{"line":4,"column":2},"end":{"line":8,"column":null}},"2":{"start":{"line":5,"column":4},"end":{"line":7,"column":null}},"3":{"start":{"line":6,"column":6},"end":{"line":6,"column":20}},"4":{"start":{"line":9,"column":2},"end":{"line":9,"column":19}},"5":{"start":{"line":3,"column":13},"end":{"line":3,"column":24}}},"fnMap":{"0":{"name":"(anonymous_0)","decl":{"start":{"line":3,"column":24},"end":{"line":3,"column":25}},"loc":{"start":{"line":3,"column":50},"end":{"line":10,"column":1}}}},"branchMap":{"0":{"loc":{"start":{"line":5,"column":4},"end":{"line":7,"column":null}},"type":"if","locations":[{"start":{"line":5,"column":4},"end":{"line":7,"column":null}}]},"1":{"loc":{"start":{"line":5,"column":8},"end":{"line":5,"column":29}},"type":"binary-expr","locations":[{"start":{"line":5,"column":8},"end":{"line":5,"column":11}},{"start":{"line":5,"column":15},"end":{"line":5,"column":29}}]}},"s":{"0":7,"1":4,"2":7,"3":4,"4":0,"5":7},"f":{"0":4},"b":{"0":[4],"1":[7,6]}}
,"/Users/hampus/made/flex/src/functions/join.ts": {"path":"/Users/hampus/made/flex/src/functions/join.ts","statementMap":{"0":{"start":{"line":3,"column":20},"end":{"line":3,"column":58}},"1":{"start":{"line":3,"column":47},"end":{"line":3,"column":58}},"2":{"start":{"line":3,"column":13},"end":{"line":3,"column":20}}},"fnMap":{"0":{"name":"(anonymous_0)","decl":{"start":{"line":3,"column":20},"end":{"line":3,"column":21}},"loc":{"start":{"line":3,"column":47},"end":{"line":3,"column":58}}}},"branchMap":{},"s":{"0":7,"1":4,"2":7},"f":{"0":4},"b":{}}
,"/Users/hampus/made/flex/src/functions/nothing.ts": {"path":"/Users/hampus/made/flex/src/functions/nothing.ts","statementMap":{"0":{"start":{"line":3,"column":23},"end":{"line":3,"column":55}},"1":{"start":{"line":3,"column":51},"end":{"line":3,"column":55}},"2":{"start":{"line":3,"column":13},"end":{"line":3,"column":23}}},"fnMap":{"0":{"name":"(anonymous_0)","decl":{"start":{"line":3,"column":23},"end":{"line":3,"column":24}},"loc":{"start":{"line":3,"column":51},"end":{"line":3,"column":55}}}},"branchMap":{},"s":{"0":7,"1":3,"2":7},"f":{"0":3},"b":{}}
,"/Users/hampus/made/flex/src/functions/space.ts": {"path":"/Users/hampus/made/flex/src/functions/space.ts","statementMap":{"0":{"start":{"line":3,"column":21},"end":{"line":3,"column":52}},"1":{"start":{"line":3,"column":49},"end":{"line":3,"column":52}},"2":{"start":{"line":3,"column":13},"end":{"line":3,"column":21}}},"fnMap":{"0":{"name":"(anonymous_0)","decl":{"start":{"line":3,"column":21},"end":{"line":3,"column":22}},"loc":{"start":{"line":3,"column":49},"end":{"line":3,"column":52}}}},"branchMap":{},"s":{"0":7,"1":8,"2":7},"f":{"0":8},"b":{}}
}
