TN:
SF:src/flex.ts
FN:33,(anonymous_0)
FN:48,(anonymous_1)
FN:61,evaluate
FN:109,(anonymous_3)
FN:110,(anonymous_4)
FNF:5
FNH:4
FNDA:15,(anonymous_0)
FNDA:0,(anonymous_1)
FNDA:15,evaluate
FNDA:62,(anonymous_3)
FNDA:36,(anonymous_4)
DA:1,7
DA:2,7
DA:3,7
DA:4,7
DA:5,7
DA:6,7
DA:9,7
DA:10,7
DA:11,7
DA:12,7
DA:13,7
DA:14,7
DA:33,7
DA:38,15
DA:42,15
DA:48,7
DA:53,0
DA:66,15
DA:67,15
DA:69,15
DA:70,418
DA:72,418
DA:74,26
DA:77,26
DA:78,26
DA:79,26
DA:82,4
DA:85,4
DA:86,4
DA:91,26
DA:94,26
DA:97,26
DA:98,26
DA:100,26
DA:107,26
DA:109,62
DA:111,36
DA:112,4
DA:114,32
DA:116,0
DA:118,32
DA:120,23
DA:122,9
DA:125,26
DA:129,0
DA:130,0
DA:133,26
DA:134,26
DA:135,26
DA:136,26
DA:138,0
DA:140,26
DA:143,21
DA:146,21
DA:147,21
DA:150,341
DA:151,341
DA:155,15
DA:157,15
DA:158,0
DA:161,15
DA:164,7
LF:62
LH:56
BRDA:51,0,0,0
BRDA:72,1,0,26
BRDA:72,1,1,4
BRDA:72,1,2,26
BRDA:72,1,3,21
BRDA:72,1,4,341
BRDA:75,2,0,26
BRDA:75,2,1,0
BRDA:83,3,0,4
BRDA:83,3,1,2
BRDA:92,4,0,26
BRDA:92,4,1,14
BRDA:111,5,0,4
BRDA:114,6,0,0
BRDA:118,7,0,23
BRDA:125,8,0,0
BRDA:126,9,0,26
BRDA:126,9,1,0
BRDA:134,10,0,26
BRDA:134,10,1,0
BRDA:144,11,0,21
BRDA:144,11,1,10
BRDA:150,12,0,341
BRDA:150,12,1,0
BRDA:155,13,0,15
BRDA:155,13,1,15
BRDA:157,14,0,0
BRF:27
BRH:19
end_of_record
TN:
SF:src/functions/concat.ts
FN:3,(anonymous_0)
FN:8,(anonymous_1)
FNF:2
FNH:2
FNDA:20,(anonymous_0)
FNDA:30,(anonymous_1)
DA:3,7
DA:7,20
DA:8,20
DA:9,30
DA:10,17
DA:12,13
DA:14,30
DA:16,12
DA:19,20
LF:9
LH:9
BRDA:9,0,0,17
BRDA:9,0,1,13
BRDA:14,1,0,12
BRDA:16,2,0,12
BRDA:16,2,1,1
BRF:5
BRH:5
end_of_record
TN:
SF:src/functions/fallback.ts
FN:3,(anonymous_0)
FNF:1
FNH:1
FNDA:4,(anonymous_0)
DA:3,7
DA:4,4
DA:5,7
DA:6,4
DA:9,0
LF:5
LH:4
BRDA:5,0,0,4
BRDA:5,1,0,7
BRDA:5,1,1,6
BRF:3
BRH:3
end_of_record
TN:
SF:src/functions/join.ts
FN:3,(anonymous_0)
FNF:1
FNH:1
FNDA:4,(anonymous_0)
DA:3,7
LF:1
LH:1
BRF:0
BRH:0
end_of_record
TN:
SF:src/functions/nothing.ts
FN:3,(anonymous_0)
FNF:1
FNH:1
FNDA:3,(anonymous_0)
DA:3,7
LF:1
LH:1
BRF:0
BRH:0
end_of_record
TN:
SF:src/functions/space.ts
FN:3,(anonymous_0)
FNF:1
FNH:1
FNDA:8,(anonymous_0)
DA:3,8
LF:1
LH:1
BRF:0
BRH:0
end_of_record
